<?xml version="1.0" encoding="UTF-8"?>
<!-- Generated by org.testng.reporters.JUnitXMLReporter -->
<testsuite ignored="0" hostname="LAPTOP-AS886SBL" failures="0" tests="2" name="Surefire test" time="0.047" errors="0" timestamp="2022-06-08T14:02:58 SGT">
  <testcase classname="vtp2022.day2.workshop.AppTest" name="testBankAccount on testBankAccount(vtp2022.day2.workshop.AppTest)" time="0.008"/>
  <testcase classname="vtp2022.day2.workshop.AppTest" name="shouldAnswerWithTrue on shouldAnswerWithTrue(vtp2022.day2.workshop.AppTest)" time="0.006"/>
</testsuite> <!-- Surefire test -->
