<?xml version="1.0" encoding="UTF-8"?>
<testng-results ignored="0" total="2" passed="2" failed="0" skipped="0">
  <reporter-output>
  </reporter-output>
  <suite started-at="2022-06-08T14:02:58 SGT" name="Surefire suite" finished-at="2022-06-08T14:02:58 SGT" duration-ms="47">
    <groups>
    </groups>
    <test started-at="2022-06-08T14:02:58 SGT" name="Surefire test" finished-at="2022-06-08T14:02:58 SGT" duration-ms="47">
      <class name="vtp2022.day2.workshop.AppTest">
        <test-method signature="testBankAccount()" started-at="2022-06-08T14:02:58 SGT" name="testBankAccount" finished-at="2022-06-08T14:02:58 SGT" duration-ms="8" status="PASS">
          <reporter-output>
          </reporter-output>
        </test-method> <!-- testBankAccount -->
        <test-method signature="shouldAnswerWithTrue()" started-at="2022-06-08T14:02:58 SGT" name="shouldAnswerWithTrue" finished-at="2022-06-08T14:02:58 SGT" duration-ms="6" status="PASS">
          <reporter-output>
          </reporter-output>
        </test-method> <!-- shouldAnswerWithTrue -->
      </class> <!-- vtp2022.day2.workshop.AppTest -->
    </test> <!-- Surefire test -->
  </suite> <!-- Surefire suite -->
</testng-results>
